<?xml version="1.0" encoding="UTF-8"?>
<!-- Generated by org.testng.reporters.JUnitReportReporter -->
<testsuite hostname="PraveenPC" failures="0" tests="1" name="com.testsuite.httpclient.SampleTest" time="0.007" errors="0" timestamp="2021-11-26T02:34:50 IST" skipped="0">
  <testcase classname="com.testsuite.httpclient.SampleTest" name="runMe" time="0.007"/>
  <system-out/>
</testsuite> <!-- com.testsuite.httpclient.SampleTest -->
